2015-10-29 17:25:25 INFO  MyAsuBankApplication:47 - Starting MyAsuBankApplication on ubuntu with PID 5043 (/home/vageeshb/workspace/MyASUBank/target/classes started by vageeshb in /home/vageeshb/workspace/MyASUBank)
2015-10-29 17:25:25 INFO  AnnotationConfigEmbeddedWebApplicationContext:510 - Refreshing org.springframework.boot.context.embedded.AnnotationConfigEmbeddedWebApplicationContext@2f8f5f62: startup date [Thu Oct 29 17:25:25 PDT 2015]; root of context hierarchy
2015-10-29 17:25:26 INFO  DefaultListableBeanFactory:822 - Overriding bean definition for bean 'requestMappingHandlerAdapter': replacing [Root bean: class [null]; scope=; abstract=false; lazyInit=false; autowireMode=3; dependencyCheck=0; autowireCandidate=true; primary=false; factoryBeanName=org.springframework.web.servlet.config.annotation.DelegatingWebMvcConfiguration; factoryMethodName=requestMappingHandlerAdapter; initMethodName=null; destroyMethodName=(inferred); defined in class path resource [org/springframework/web/servlet/config/annotation/DelegatingWebMvcConfiguration.class]] with [Root bean: class [null]; scope=; abstract=false; lazyInit=false; autowireMode=3; dependencyCheck=0; autowireCandidate=true; primary=false; factoryBeanName=org.springframework.boot.autoconfigure.web.WebMvcAutoConfiguration$EnableWebMvcConfiguration; factoryMethodName=requestMappingHandlerAdapter; initMethodName=null; destroyMethodName=(inferred); defined in class path resource [org/springframework/boot/autoconfigure/web/WebMvcAutoConfiguration$EnableWebMvcConfiguration.class]]
2015-10-29 17:25:26 INFO  DefaultListableBeanFactory:822 - Overriding bean definition for bean 'requestMappingHandlerMapping': replacing [Root bean: class [null]; scope=; abstract=false; lazyInit=false; autowireMode=3; dependencyCheck=0; autowireCandidate=true; primary=false; factoryBeanName=org.springframework.web.servlet.config.annotation.DelegatingWebMvcConfiguration; factoryMethodName=requestMappingHandlerMapping; initMethodName=null; destroyMethodName=(inferred); defined in class path resource [org/springframework/web/servlet/config/annotation/DelegatingWebMvcConfiguration.class]] with [Root bean: class [null]; scope=; abstract=false; lazyInit=false; autowireMode=3; dependencyCheck=0; autowireCandidate=true; primary=true; factoryBeanName=org.springframework.boot.autoconfigure.web.WebMvcAutoConfiguration$EnableWebMvcConfiguration; factoryMethodName=requestMappingHandlerMapping; initMethodName=null; destroyMethodName=(inferred); defined in class path resource [org/springframework/boot/autoconfigure/web/WebMvcAutoConfiguration$EnableWebMvcConfiguration.class]]
2015-10-29 17:25:27 INFO  Version:27 - HV000001: Hibernate Validator 5.1.3.Final
2015-10-29 17:25:27 INFO  PostProcessorRegistrationDelegate$BeanPostProcessorChecker:309 - Bean 'org.springframework.transaction.annotation.ProxyTransactionManagementConfiguration' of type [class org.springframework.transaction.annotation.ProxyTransactionManagementConfiguration$$EnhancerBySpringCGLIB$$f3e02d0b] is not eligible for getting processed by all BeanPostProcessors (for example: not eligible for auto-proxying)
2015-10-29 17:25:27 INFO  PostProcessorRegistrationDelegate$BeanPostProcessorChecker:309 - Bean 'transactionAttributeSource' of type [class org.springframework.transaction.annotation.AnnotationTransactionAttributeSource] is not eligible for getting processed by all BeanPostProcessors (for example: not eligible for auto-proxying)
2015-10-29 17:25:27 INFO  PostProcessorRegistrationDelegate$BeanPostProcessorChecker:309 - Bean 'transactionInterceptor' of type [class org.springframework.transaction.interceptor.TransactionInterceptor] is not eligible for getting processed by all BeanPostProcessors (for example: not eligible for auto-proxying)
2015-10-29 17:25:27 INFO  PostProcessorRegistrationDelegate$BeanPostProcessorChecker:309 - Bean 'org.springframework.transaction.config.internalTransactionAdvisor' of type [class org.springframework.transaction.interceptor.BeanFactoryTransactionAttributeSourceAdvisor] is not eligible for getting processed by all BeanPostProcessors (for example: not eligible for auto-proxying)
2015-10-29 17:25:27 INFO  PostProcessorRegistrationDelegate$BeanPostProcessorChecker:309 - Bean 'org.springframework.security.config.annotation.configuration.ObjectPostProcessorConfiguration' of type [class org.springframework.security.config.annotation.configuration.ObjectPostProcessorConfiguration$$EnhancerBySpringCGLIB$$1d017605] is not eligible for getting processed by all BeanPostProcessors (for example: not eligible for auto-proxying)
2015-10-29 17:25:27 INFO  PostProcessorRegistrationDelegate$BeanPostProcessorChecker:309 - Bean 'objectPostProcessor' of type [class org.springframework.security.config.annotation.configuration.AutowireBeanFactoryObjectPostProcessor] is not eligible for getting processed by all BeanPostProcessors (for example: not eligible for auto-proxying)
2015-10-29 17:25:27 INFO  PostProcessorRegistrationDelegate$BeanPostProcessorChecker:309 - Bean 'org.springframework.security.access.expression.method.DefaultMethodSecurityExpressionHandler@63f34b70' of type [class org.springframework.security.access.expression.method.DefaultMethodSecurityExpressionHandler] is not eligible for getting processed by all BeanPostProcessors (for example: not eligible for auto-proxying)
2015-10-29 17:25:27 INFO  PostProcessorRegistrationDelegate$BeanPostProcessorChecker:309 - Bean 'org.springframework.security.config.annotation.method.configuration.GlobalMethodSecurityConfiguration' of type [class org.springframework.security.config.annotation.method.configuration.GlobalMethodSecurityConfiguration$$EnhancerBySpringCGLIB$$cfdfaa77] is not eligible for getting processed by all BeanPostProcessors (for example: not eligible for auto-proxying)
2015-10-29 17:25:27 INFO  PostProcessorRegistrationDelegate$BeanPostProcessorChecker:309 - Bean 'methodSecurityMetadataSource' of type [class org.springframework.security.access.method.DelegatingMethodSecurityMetadataSource] is not eligible for getting processed by all BeanPostProcessors (for example: not eligible for auto-proxying)
2015-10-29 17:25:27 INFO  PostProcessorRegistrationDelegate$BeanPostProcessorChecker:309 - Bean 'metaDataSourceAdvisor' of type [class org.springframework.security.access.intercept.aopalliance.MethodSecurityMetadataSourceAdvisor] is not eligible for getting processed by all BeanPostProcessors (for example: not eligible for auto-proxying)
2015-10-29 17:25:28 INFO  TomcatEmbeddedServletContainer:79 - Tomcat initialized with port(s): 8443 (https) 8081 (http)
2015-10-29 17:25:29 INFO  StandardService:180 - Starting service Tomcat
2015-10-29 17:25:29 INFO  StandardEngine:180 - Starting Servlet Engine: Apache Tomcat/8.0.23
2015-10-29 17:25:29 INFO  [/]:180 - Initializing Spring embedded WebApplicationContext
2015-10-29 17:25:29 INFO  ContextLoader:268 - Root WebApplicationContext: initialization completed in 4033 ms
2015-10-29 17:25:32 INFO  LocalContainerEntityManagerFactoryBean:339 - Building JPA container EntityManagerFactory for persistence unit 'default'
2015-10-29 17:25:32 INFO  LogHelper:46 - HHH000204: Processing PersistenceUnitInfo [
	name: default
	...]
2015-10-29 17:25:32 INFO  Version:54 - HHH000412: Hibernate Core {4.3.10.Final}
2015-10-29 17:25:32 INFO  Environment:239 - HHH000206: hibernate.properties not found
2015-10-29 17:25:32 INFO  Environment:346 - HHH000021: Bytecode provider name : javassist
2015-10-29 17:25:33 INFO  Version:66 - HCANN000001: Hibernate Commons Annotations {4.0.5.Final}
2015-10-29 17:25:34 INFO  Dialect:145 - HHH000400: Using dialect: org.hibernate.dialect.MySQL5Dialect
2015-10-29 17:25:34 INFO  ASTQueryTranslatorFactory:47 - HHH000397: Using ASTQueryTranslatorFactory
2015-10-29 17:25:35 INFO  SchemaUpdate:207 - HHH000228: Running hbm2ddl schema update
2015-10-29 17:25:35 INFO  SchemaUpdate:218 - HHH000102: Fetching database metadata
2015-10-29 17:25:35 INFO  SchemaUpdate:230 - HHH000396: Updating schema
2015-10-29 17:25:35 INFO  TableMetadata:65 - HHH000261: Table found: bank_app.accounts
2015-10-29 17:25:35 INFO  TableMetadata:66 - HHH000037: Columns: [balance, user_id, created, type_of_account, updated, acc_id, critical_limit]
2015-10-29 17:25:35 INFO  TableMetadata:68 - HHH000108: Foreign keys: [fk_e4w4av1wrhanry7t6mxt42nou]
2015-10-29 17:25:35 INFO  TableMetadata:69 - HHH000126: Indexes: [fk_e4w4av1wrhanry7t6mxt42nou, primary]
2015-10-29 17:25:35 INFO  TableMetadata:65 - HHH000261: Table found: bank_app.one_time_password
2015-10-29 17:25:35 INFO  TableMetadata:66 - HHH000037: Columns: [expiry_date, verified, resource_id, id, resource_name, value]
2015-10-29 17:25:35 INFO  TableMetadata:68 - HHH000108: Foreign keys: []
2015-10-29 17:25:35 INFO  TableMetadata:69 - HHH000126: Indexes: [primary]
2015-10-29 17:25:35 INFO  TableMetadata:65 - HHH000261: Table found: bank_app.pii
2015-10-29 17:25:35 INFO  TableMetadata:66 - HHH000037: Columns: [pii, pii_id, email, status]
2015-10-29 17:25:35 INFO  TableMetadata:68 - HHH000108: Foreign keys: []
2015-10-29 17:25:35 INFO  TableMetadata:69 - HHH000126: Indexes: [primary]
2015-10-29 17:25:35 INFO  TableMetadata:65 - HHH000261: Table found: bank_app.piirequest
2015-10-29 17:25:35 INFO  TableMetadata:66 - HHH000037: Columns: [piirid, email, status]
2015-10-29 17:25:35 INFO  TableMetadata:68 - HHH000108: Foreign keys: []
2015-10-29 17:25:35 INFO  TableMetadata:69 - HHH000126: Indexes: [primary]
2015-10-29 17:25:35 INFO  TableMetadata:65 - HHH000261: Table found: bank_app.profilerequest
2015-10-29 17:25:35 INFO  TableMetadata:66 - HHH000037: Columns: [security_question, address, role_id, user_id, date_of_birth, sercurity_answer, phone_number, r_id, status]
2015-10-29 17:25:35 INFO  TableMetadata:68 - HHH000108: Foreign keys: [fk_stnttpdvn646q7j0xvnjssned, fk_8xfxwxg07vf1nvwauf6sloj6a]
2015-10-29 17:25:35 INFO  TableMetadata:69 - HHH000126: Indexes: [fk_stnttpdvn646q7j0xvnjssned, fk_8xfxwxg07vf1nvwauf6sloj6a, primary]
2015-10-29 17:25:35 INFO  TableMetadata:65 - HHH000261: Table found: bank_app.roles
2015-10-29 17:25:35 INFO  TableMetadata:66 - HHH000037: Columns: [name, id]
2015-10-29 17:25:35 INFO  TableMetadata:68 - HHH000108: Foreign keys: []
2015-10-29 17:25:35 INFO  TableMetadata:69 - HHH000126: Indexes: [primary]
2015-10-29 17:25:35 INFO  TableMetadata:65 - HHH000261: Table found: bank_app.transactions
2015-10-29 17:25:35 INFO  TableMetadata:66 - HHH000037: Columns: [transaction_id, to_acc_id, amount, created, from_acc_id, comment, transfer_date, encrypted_amount, updated, status]
2015-10-29 17:25:35 INFO  TableMetadata:68 - HHH000108: Foreign keys: [fk_b6kw0jhlyc0a06dpdm0m7idas, fk_9x1lfolxup6wl4c4j6vp5okyq]
2015-10-29 17:25:35 INFO  TableMetadata:69 - HHH000126: Indexes: [fk_b6kw0jhlyc0a06dpdm0m7idas, fk_9x1lfolxup6wl4c4j6vp5okyq, primary]
2015-10-29 17:25:35 INFO  TableMetadata:65 - HHH000261: Table found: bank_app.users
2015-10-29 17:25:35 INFO  TableMetadata:66 - HHH000037: Columns: [public_key, request, security_question, address, role, current_loginip, gender, current_login_date, date_of_birth, last_login_date, newpassword, type_of_account, enabled, password, security_answer, is_deleted, last_loginip, phone_number, id, token_expired, email, acc_id, username]
2015-10-29 17:25:35 INFO  TableMetadata:68 - HHH000108: Foreign keys: [fk_j2pfak9h9i1lhak2umeq3qm8x, fk_jx9firj6juia9fl7bcumqflld, fk_mmgnrg9xuk9v75158vut4jl8e]
2015-10-29 17:25:35 INFO  TableMetadata:69 - HHH000126: Indexes: [fk_j2pfak9h9i1lhak2umeq3qm8x, fk_jx9firj6juia9fl7bcumqflld, fk_mmgnrg9xuk9v75158vut4jl8e, uk_6dotkott2kjsp8vw4d0m25fb7, primary]
2015-10-29 17:25:35 INFO  TableMetadata:65 - HHH000261: Table found: bank_app.verification_token
2015-10-29 17:25:35 INFO  TableMetadata:66 - HHH000037: Columns: [user_id, expiry_date, verified, id, token]
2015-10-29 17:25:35 INFO  TableMetadata:68 - HHH000108: Foreign keys: [fk_q6jibbenp7o9v6tq178xg88hg]
2015-10-29 17:25:35 INFO  TableMetadata:69 - HHH000126: Indexes: [fk_q6jibbenp7o9v6tq178xg88hg, primary]
2015-10-29 17:25:35 INFO  SchemaUpdate:267 - HHH000232: Schema update complete
2015-10-29 17:25:37 INFO  ChannelProcessingFilter:117 - Validated configuration attributes
2015-10-29 17:25:37 INFO  DefaultSecurityFilterChain:28 - Creating filter chain: org.springframework.security.web.util.matcher.AnyRequestMatcher@1, [org.springframework.security.web.access.channel.ChannelProcessingFilter@464888c4, org.springframework.security.web.context.request.async.WebAsyncManagerIntegrationFilter@47575086, org.springframework.security.web.context.SecurityContextPersistenceFilter@7161a690, org.springframework.security.web.header.HeaderWriterFilter@56e55b0a, org.springframework.security.web.csrf.CsrfFilter@57a2803c, org.springframework.security.web.authentication.logout.LogoutFilter@4ee36499, org.springframework.security.web.authentication.UsernamePasswordAuthenticationFilter@fecfef6, org.springframework.security.web.session.ConcurrentSessionFilter@4b10cb40, com.bankapp.configs.CrossScriptingFilter@143fbec0, org.springframework.security.web.savedrequest.RequestCacheAwareFilter@1410f26d, org.springframework.security.web.servletapi.SecurityContextHolderAwareRequestFilter@65567a79, org.springframework.security.web.authentication.AnonymousAuthenticationFilter@6a5b9bbf, org.springframework.security.web.session.SessionManagementFilter@2658fb3f, org.springframework.security.web.access.ExceptionTranslationFilter@560cb2a0, org.springframework.security.web.access.intercept.FilterSecurityInterceptor@429c99d9]
2015-10-29 17:25:37 INFO  ServletRegistrationBean:188 - Mapping servlet: 'dispatcherServlet' to [/]
2015-10-29 17:25:37 INFO  FilterRegistrationBean:286 - Mapping filter: 'characterEncodingFilter' to: [/*]
2015-10-29 17:25:37 INFO  FilterRegistrationBean:286 - Mapping filter: 'springSecurityFilterChain' to: [/*]
2015-10-29 17:25:38 INFO  AuthenticationManagerConfiguration:170 - 

Using default security password: aeadbb15-2425-458d-8fad-c4ffdcc083cd

2015-10-29 17:25:38 INFO  RequestMappingHandlerMapping:217 - Mapped "{[/merchant/userpayment],methods=[GET]}" onto public org.springframework.web.servlet.ModelAndView com.bankapp.controllers.MerchantController.askUserPayment()
2015-10-29 17:25:38 INFO  RequestMappingHandlerMapping:217 - Mapped "{[/merchant/userpayment],methods=[POST]}" onto public java.lang.String com.bankapp.controllers.MerchantController.askUserPayment(org.springframework.security.core.userdetails.UserDetails,org.springframework.ui.ModelMap,com.bankapp.forms.UserPaymentForm,org.springframework.validation.BindingResult,org.springframework.web.context.request.WebRequest,org.springframework.validation.Errors,java.security.Principal,org.springframework.web.servlet.mvc.support.RedirectAttributes)
2015-10-29 17:25:38 INFO  RequestMappingHandlerMapping:217 - Mapped "{[/employee/requests],methods=[POST],params=[action=Decline]}" onto public java.lang.String com.bankapp.controllers.EmployeeController.declineProfileRequests(com.bankapp.models.ProfileRequest,org.springframework.validation.BindingResult,org.springframework.web.context.request.WebRequest,org.springframework.validation.Errors,org.springframework.web.servlet.mvc.support.RedirectAttributes)
2015-10-29 17:25:38 INFO  RequestMappingHandlerMapping:217 - Mapped "{[/employee/transactions],methods=[POST],params=[action=Authorize]}" onto public java.lang.String com.bankapp.controllers.EmployeeController.approvetransaction(com.bankapp.models.Transaction,org.springframework.validation.BindingResult,org.springframework.web.context.request.WebRequest,org.springframework.validation.Errors,org.springframework.web.servlet.mvc.support.RedirectAttributes)
2015-10-29 17:25:38 INFO  RequestMappingHandlerMapping:217 - Mapped "{[/employee/transactions],methods=[POST],params=[action=Decline]}" onto public java.lang.String com.bankapp.controllers.EmployeeController.declinetransaction(com.bankapp.models.Transaction,org.springframework.validation.BindingResult,org.springframework.web.context.request.WebRequest,org.springframework.validation.Errors,org.springframework.web.servlet.mvc.support.RedirectAttributes)
2015-10-29 17:25:38 INFO  RequestMappingHandlerMapping:217 - Mapped "{[/employee/transactions],methods=[POST],params=[action=Modify]}" onto public org.springframework.web.servlet.ModelAndView com.bankapp.controllers.EmployeeController.modifytransaction(com.bankapp.models.Transaction,org.springframework.validation.BindingResult,org.springframework.web.context.request.WebRequest,org.springframework.validation.Errors)
2015-10-29 17:25:38 INFO  RequestMappingHandlerMapping:217 - Mapped "{[/employee/credittransactions],methods=[POST]}" onto public java.lang.String com.bankapp.controllers.EmployeeController.acceptCreditRequest(org.springframework.security.core.userdetails.UserDetails,com.bankapp.models.Transaction,org.springframework.validation.BindingResult,org.springframework.web.context.request.WebRequest,org.springframework.validation.Errors,org.springframework.web.servlet.mvc.support.RedirectAttributes)
2015-10-29 17:25:38 INFO  RequestMappingHandlerMapping:217 - Mapped "{[/employee/debittransactions],methods=[POST]}" onto public java.lang.String com.bankapp.controllers.EmployeeController.acceptDebitRequest(org.springframework.security.core.userdetails.UserDetails,com.bankapp.models.Transaction,org.springframework.validation.BindingResult,org.springframework.web.context.request.WebRequest,org.springframework.validation.Errors,org.springframework.web.servlet.mvc.support.RedirectAttributes)
2015-10-29 17:25:38 INFO  RequestMappingHandlerMapping:217 - Mapped "{[/employee/myaccount],methods=[GET]}" onto public org.springframework.web.servlet.ModelAndView com.bankapp.controllers.EmployeeController.getMyAccount(java.security.Principal)
2015-10-29 17:25:38 INFO  RequestMappingHandlerMapping:217 - Mapped "{[/employee/transactions],methods=[GET]}" onto public org.springframework.web.servlet.ModelAndView com.bankapp.controllers.EmployeeController.getPendingTransaction()
2015-10-29 17:25:38 INFO  RequestMappingHandlerMapping:217 - Mapped "{[/employee/requests],methods=[GET]}" onto public org.springframework.web.servlet.ModelAndView com.bankapp.controllers.EmployeeController.getPendingProfileRequests()
2015-10-29 17:25:38 INFO  RequestMappingHandlerMapping:217 - Mapped "{[/employee/requests],methods=[POST],params=[action=Authorize]}" onto public java.lang.String com.bankapp.controllers.EmployeeController.authorizeProfileRequests(com.bankapp.models.ProfileRequest,org.springframework.validation.BindingResult,org.springframework.web.servlet.mvc.support.RedirectAttributes)
2015-10-29 17:25:38 INFO  RequestMappingHandlerMapping:217 - Mapped "{[/employee/userscreditrequest],methods=[GET]}" onto public org.springframework.web.servlet.ModelAndView com.bankapp.controllers.EmployeeController.creditDebit(javax.servlet.http.HttpServletRequest)
2015-10-29 17:25:38 INFO  RequestMappingHandlerMapping:217 - Mapped "{[/manager/addUserForm],methods=[POST]}" onto public java.lang.String com.bankapp.controllers.SystemManagerController.addUser(org.springframework.ui.ModelMap,com.bankapp.forms.AddEmployeeForm,org.springframework.validation.BindingResult,org.springframework.validation.Errors,java.security.Principal,javax.servlet.http.HttpServletRequest,org.springframework.web.servlet.mvc.support.RedirectAttributes) throws com.bankapp.exceptions.UserNameExistsException
2015-10-29 17:25:38 INFO  RequestMappingHandlerMapping:217 - Mapped "{[/manager/myaccount],methods=[GET]}" onto public org.springframework.web.servlet.ModelAndView com.bankapp.controllers.SystemManagerController.getMyaccount(java.security.Principal)
2015-10-29 17:25:38 INFO  RequestMappingHandlerMapping:217 - Mapped "{[/manager/criticaltransaction],methods=[GET]}" onto public org.springframework.web.servlet.ModelAndView com.bankapp.controllers.SystemManagerController.getCriticalTransaction()
2015-10-29 17:25:38 INFO  RequestMappingHandlerMapping:217 - Mapped "{[/manager/pendingtransaction],methods=[GET]}" onto public org.springframework.web.servlet.ModelAndView com.bankapp.controllers.SystemManagerController.getInitiatedTransaction()
2015-10-29 17:25:38 INFO  RequestMappingHandlerMapping:217 - Mapped "{[/manager/profilerequests],methods=[GET]}" onto public org.springframework.web.servlet.ModelAndView com.bankapp.controllers.SystemManagerController.getProfileRequests()
2015-10-29 17:25:38 INFO  RequestMappingHandlerMapping:217 - Mapped "{[/manager/approveprofilerequest],methods=[POST]}" onto public java.lang.String com.bankapp.controllers.SystemManagerController.approveProfileRequests(com.bankapp.models.ProfileRequest,org.springframework.validation.BindingResult,org.springframework.web.context.request.WebRequest,org.springframework.validation.Errors,java.security.Principal,org.springframework.web.servlet.mvc.support.RedirectAttributes)
2015-10-29 17:25:38 INFO  RequestMappingHandlerMapping:217 - Mapped "{[/manager/getUserByEmail],methods=[GET]}" onto public org.springframework.web.servlet.ModelAndView com.bankapp.controllers.SystemManagerController.getUserEmail()
2015-10-29 17:25:38 INFO  RequestMappingHandlerMapping:217 - Mapped "{[/manager/update],methods=[GET]}" onto public org.springframework.web.servlet.ModelAndView com.bankapp.controllers.SystemManagerController.getCustomerAndMerchantDetails()
2015-10-29 17:25:38 INFO  RequestMappingHandlerMapping:217 - Mapped "{[/manager/update],methods=[POST]}" onto public java.lang.String com.bankapp.controllers.SystemManagerController.updateCustomerAndMerchantDetails(com.bankapp.forms.EmployeeProfileUpdateForm,org.springframework.validation.BindingResult,org.springframework.web.servlet.mvc.support.RedirectAttributes)
2015-10-29 17:25:38 INFO  RequestMappingHandlerMapping:217 - Mapped "{[/manager/deleteUsers],methods=[POST]}" onto public java.lang.String com.bankapp.controllers.SystemManagerController.deleteManager(java.lang.String,org.springframework.validation.BindingResult,org.springframework.web.servlet.mvc.support.RedirectAttributes)
2015-10-29 17:25:38 INFO  RequestMappingHandlerMapping:217 - Mapped "{[/manager/addUserForm],methods=[GET]}" onto public org.springframework.web.servlet.ModelAndView com.bankapp.controllers.SystemManagerController.getUserAddage()
2015-10-29 17:25:38 INFO  RequestMappingHandlerMapping:217 - Mapped "{[/manager/deleteUsers],methods=[GET]}" onto public org.springframework.web.servlet.ModelAndView com.bankapp.controllers.SystemManagerController.deleteUser()
2015-10-29 17:25:38 INFO  RequestMappingHandlerMapping:217 - Mapped "{[/manager/approvetransaction],methods=[POST]}" onto public java.lang.String com.bankapp.controllers.SystemManagerController.approveTransaction(com.bankapp.models.Transaction,org.springframework.validation.BindingResult,org.springframework.web.context.request.WebRequest,org.springframework.validation.Errors,java.security.Principal,org.springframework.web.servlet.mvc.support.RedirectAttributes)
2015-10-29 17:25:38 INFO  RequestMappingHandlerMapping:217 - Mapped "{[/manager/viewUserByEmailForm],methods=[POST]}" onto public org.springframework.web.servlet.ModelAndView com.bankapp.controllers.SystemManagerController.getUserByEmail(org.springframework.web.servlet.ModelAndView,com.bankapp.forms.ViewByEmailForm,org.springframework.validation.BindingResult,org.springframework.validation.Errors,java.security.Principal,org.springframework.web.servlet.mvc.support.RedirectAttributes)
2015-10-29 17:25:38 INFO  RequestMappingHandlerMapping:217 - Mapped "{[/signup],methods=[GET]}" onto public org.springframework.web.servlet.ModelAndView com.bankapp.controllers.SignupController.getSignupPage()
2015-10-29 17:25:38 INFO  RequestMappingHandlerMapping:217 - Mapped "{[/signup],methods=[POST]}" onto public org.springframework.web.servlet.ModelAndView com.bankapp.controllers.SignupController.registerUser(com.bankapp.forms.SignupForm,org.springframework.validation.BindingResult,javax.servlet.http.HttpServletRequest)
2015-10-29 17:25:38 INFO  RequestMappingHandlerMapping:217 - Mapped "{[/registrationConfirm],methods=[GET]}" onto public java.lang.String com.bankapp.controllers.SignupController.confirmRegistration(javax.servlet.http.HttpServletRequest,org.springframework.ui.Model,java.lang.String,org.springframework.web.servlet.mvc.support.RedirectAttributes)
2015-10-29 17:25:38 INFO  RequestMappingHandlerMapping:217 - Mapped "{[/resendRegistrationToken],methods=[GET]}" onto public org.springframework.web.servlet.ModelAndView com.bankapp.controllers.SignupController.resendRegistrationToken(javax.servlet.http.HttpServletRequest,java.lang.String)
2015-10-29 17:25:38 INFO  RequestMappingHandlerMapping:217 - Mapped "{[/customer/declinerequest],methods=[POST]}" onto public java.lang.String com.bankapp.controllers.CustomerController.declineRequest(com.bankapp.models.Transaction,org.springframework.validation.BindingResult,org.springframework.web.servlet.mvc.support.RedirectAttributes)
2015-10-29 17:25:38 INFO  RequestMappingHandlerMapping:217 - Mapped "{[/customer/approverequest],methods=[POST]}" onto public java.lang.String com.bankapp.controllers.CustomerController.approveRequest(com.bankapp.models.Transaction,org.springframework.validation.BindingResult,org.springframework.web.servlet.mvc.support.RedirectAttributes)
2015-10-29 17:25:38 INFO  RequestMappingHandlerMapping:217 - Mapped "{[/customer/authorizemerchant],methods=[GET]}" onto public org.springframework.web.servlet.ModelAndView com.bankapp.controllers.CustomerController.authorizemerchant(java.security.Principal)
2015-10-29 17:25:38 INFO  RequestMappingHandlerMapping:217 - Mapped "{[/admin/add],methods=[POST]}" onto public java.lang.String com.bankapp.controllers.AdminController.addUser(org.springframework.ui.ModelMap,com.bankapp.forms.AddEmployeeForm,org.springframework.validation.BindingResult,org.springframework.web.servlet.mvc.support.RedirectAttributes)
2015-10-29 17:25:38 INFO  RequestMappingHandlerMapping:217 - Mapped "{[/admin/myaccount],methods=[GET]}" onto public org.springframework.web.servlet.ModelAndView com.bankapp.controllers.AdminController.getMyaccount(java.security.Principal)
2015-10-29 17:25:38 INFO  RequestMappingHandlerMapping:217 - Mapped "{[/admin/managers/delete],methods=[POST]}" onto public java.lang.String com.bankapp.controllers.AdminController.deleteManager(com.bankapp.models.User,org.springframework.validation.BindingResult,org.springframework.web.servlet.mvc.support.RedirectAttributes)
2015-10-29 17:25:38 INFO  RequestMappingHandlerMapping:217 - Mapped "{[/admin/add],methods=[GET]}" onto public org.springframework.web.servlet.ModelAndView com.bankapp.controllers.AdminController.addEmployee()
2015-10-29 17:25:38 INFO  RequestMappingHandlerMapping:217 - Mapped "{[/admin/piirequest],methods=[GET]}" onto public org.springframework.web.servlet.ModelAndView com.bankapp.controllers.AdminController.piiRequest()
2015-10-29 17:25:38 INFO  RequestMappingHandlerMapping:217 - Mapped "{[/admin/requests],methods=[GET]}" onto public org.springframework.web.servlet.ModelAndView com.bankapp.controllers.AdminController.profileRequest()
2015-10-29 17:25:38 INFO  RequestMappingHandlerMapping:217 - Mapped "{[/declineProfileRequest],methods=[POST]}" onto public java.lang.String com.bankapp.controllers.AdminController.declineRequest(com.bankapp.models.ProfileRequest,org.springframework.validation.BindingResult,org.springframework.web.servlet.mvc.support.RedirectAttributes)
2015-10-29 17:25:38 INFO  RequestMappingHandlerMapping:217 - Mapped "{[/admin/managers],methods=[GET]}" onto public org.springframework.web.servlet.ModelAndView com.bankapp.controllers.AdminController.managerDetails()
2015-10-29 17:25:38 INFO  RequestMappingHandlerMapping:217 - Mapped "{[/admin/managers/update],methods=[POST]}" onto public java.lang.String com.bankapp.controllers.AdminController.updateManagerDetails(com.bankapp.forms.EmployeeProfileUpdateForm,org.springframework.validation.BindingResult,org.springframework.web.servlet.mvc.support.RedirectAttributes)
2015-10-29 17:25:38 INFO  RequestMappingHandlerMapping:217 - Mapped "{[/admin/employees],methods=[GET]}" onto public org.springframework.web.servlet.ModelAndView com.bankapp.controllers.AdminController.employeeDetails()
2015-10-29 17:25:38 INFO  RequestMappingHandlerMapping:217 - Mapped "{[/admin/employees/update],methods=[POST]}" onto public java.lang.String com.bankapp.controllers.AdminController.updateEmployeeDetails(com.bankapp.forms.EmployeeProfileUpdateForm,org.springframework.validation.BindingResult,org.springframework.web.servlet.mvc.support.RedirectAttributes)
2015-10-29 17:25:38 INFO  RequestMappingHandlerMapping:217 - Mapped "{[/admin/employees/delete],methods=[POST]}" onto public java.lang.String com.bankapp.controllers.AdminController.deleteEmployee(com.bankapp.models.User,org.springframework.validation.BindingResult,org.springframework.web.servlet.mvc.support.RedirectAttributes)
2015-10-29 17:25:38 INFO  RequestMappingHandlerMapping:217 - Mapped "{[/approveProfileRequest],methods=[POST]}" onto public java.lang.String com.bankapp.controllers.AdminController.changeRequest(com.bankapp.models.ProfileRequest,org.springframework.validation.BindingResult,org.springframework.web.servlet.mvc.support.RedirectAttributes)
2015-10-29 17:25:38 INFO  RequestMappingHandlerMapping:217 - Mapped "{[/admin/piirequest],methods=[POST]}" onto public java.lang.String com.bankapp.controllers.AdminController.savePiiRequest(com.bankapp.models.PiiRequest,org.springframework.validation.BindingResult,org.springframework.web.servlet.mvc.support.RedirectAttributes)
2015-10-29 17:25:38 INFO  RequestMappingHandlerMapping:217 - Mapped "{[/admin/piidetails],methods=[GET]}" onto public org.springframework.web.servlet.ModelAndView com.bankapp.controllers.AdminController.piiDetails()
2015-10-29 17:25:38 INFO  RequestMappingHandlerMapping:217 - Mapped "{[/admin/logs],methods=[GET]}" onto public org.springframework.web.servlet.ModelAndView com.bankapp.controllers.AdminController.logDetails()
2015-10-29 17:25:38 INFO  RequestMappingHandlerMapping:217 - Mapped "{[/agency/piidetails],methods=[GET]}" onto public org.springframework.web.servlet.ModelAndView com.bankapp.controllers.AgencyController.piiDetails()
2015-10-29 17:25:38 INFO  RequestMappingHandlerMapping:217 - Mapped "{[/agency/approvePIIRequest],methods=[POST]}" onto public java.lang.String com.bankapp.controllers.AgencyController.approveDetails(com.bankapp.models.PiiRequest,org.springframework.validation.BindingResult,org.springframework.web.servlet.mvc.support.RedirectAttributes)
2015-10-29 17:25:38 INFO  RequestMappingHandlerMapping:217 - Mapped "{[/agency/declinePIIRequest],methods=[POST]}" onto public java.lang.String com.bankapp.controllers.AgencyController.declineDetails(com.bankapp.models.PiiRequest,org.springframework.validation.BindingResult,org.springframework.web.servlet.mvc.support.RedirectAttributes)
2015-10-29 17:25:38 INFO  RequestMappingHandlerMapping:217 - Mapped "{[/agency/myaccount],methods=[GET]}" onto public org.springframework.web.servlet.ModelAndView com.bankapp.controllers.AgencyController.AdminDetails()
2015-10-29 17:25:38 INFO  RequestMappingHandlerMapping:217 - Mapped "{[/agency/adminrequests],methods=[GET]}" onto public org.springframework.web.servlet.ModelAndView com.bankapp.controllers.AgencyController.adminRequests()
2015-10-29 17:25:38 INFO  RequestMappingHandlerMapping:217 - Mapped "{[/],methods=[GET]}" onto public org.springframework.web.servlet.ModelAndView com.bankapp.controllers.MainController.home(java.security.Principal)
2015-10-29 17:25:38 INFO  RequestMappingHandlerMapping:217 - Mapped "{[/changepassword],methods=[GET]}" onto public org.springframework.web.servlet.ModelAndView com.bankapp.controllers.MainController.changePassword(java.security.Principal)
2015-10-29 17:25:38 INFO  RequestMappingHandlerMapping:217 - Mapped "{[/pii],methods=[POST]}" onto public org.springframework.web.servlet.ModelAndView com.bankapp.controllers.MainController.savePII(com.bankapp.forms.PIIForm,org.springframework.validation.BindingResult,org.springframework.web.context.request.WebRequest,org.springframework.validation.Errors,java.security.Principal)
2015-10-29 17:25:38 INFO  RequestMappingHandlerMapping:217 - Mapped "{[/profile],methods=[POST]}" onto public java.lang.String com.bankapp.controllers.MainController.updateProfile(org.springframework.ui.ModelMap,com.bankapp.forms.ProfileForm,org.springframework.validation.BindingResult,java.security.Principal,org.springframework.web.servlet.mvc.support.RedirectAttributes)
2015-10-29 17:25:38 INFO  RequestMappingHandlerMapping:217 - Mapped "{[/changepassword],methods=[POST]}" onto public org.springframework.web.servlet.ModelAndView com.bankapp.controllers.MainController.otpVerification(com.bankapp.models.User,org.springframework.validation.BindingResult,org.springframework.web.context.request.WebRequest,org.springframework.validation.Errors,java.security.Principal)
2015-10-29 17:25:38 INFO  RequestMappingHandlerMapping:217 - Mapped "{[/otp],methods=[POST]}" onto public java.lang.String com.bankapp.controllers.MainController.otpVerification(com.bankapp.forms.OTPForm,org.springframework.validation.BindingResult,org.springframework.web.context.request.WebRequest,org.springframework.validation.Errors,java.security.Principal,org.springframework.web.servlet.mvc.support.RedirectAttributes)
2015-10-29 17:25:38 INFO  RequestMappingHandlerMapping:217 - Mapped "{[/changelimit],methods=[POST]}" onto public java.lang.String com.bankapp.controllers.MainController.changeLimit(java.lang.String,org.springframework.validation.BindingResult,org.springframework.web.context.request.WebRequest,org.springframework.validation.Errors,java.security.Principal,org.springframework.web.servlet.mvc.support.RedirectAttributes)
2015-10-29 17:25:38 INFO  RequestMappingHandlerMapping:217 - Mapped "{[/pii],methods=[GET]}" onto public org.springframework.web.servlet.ModelAndView com.bankapp.controllers.MainController.addPII(java.security.Principal)
2015-10-29 17:25:38 INFO  RequestMappingHandlerMapping:217 - Mapped "{[/deleteprofile],methods=[POST]}" onto public java.lang.String com.bankapp.controllers.MainController.sendProfileDeletionRequest(java.lang.String,org.springframework.web.servlet.mvc.support.RedirectAttributes)
2015-10-29 17:25:38 INFO  RequestMappingHandlerMapping:217 - Mapped "{[/login/identify],methods=[GET]}" onto public org.springframework.web.servlet.ModelAndView com.bankapp.controllers.MainController.getRecoverPassword()
2015-10-29 17:25:38 INFO  RequestMappingHandlerMapping:217 - Mapped "{[/login/identify],methods=[POST]}" onto public org.springframework.web.servlet.ModelAndView com.bankapp.controllers.MainController.postRecoverPassword(java.lang.String)
2015-10-29 17:25:38 INFO  RequestMappingHandlerMapping:217 - Mapped "{[/login/verifyIdentity],methods=[POST]}" onto public org.springframework.web.servlet.ModelAndView com.bankapp.controllers.MainController.verifySecurityAnswer(java.lang.String,org.springframework.validation.BindingResult,java.lang.String,org.springframework.validation.BindingResult,java.lang.String,org.springframework.validation.BindingResult)
2015-10-29 17:25:38 INFO  RequestMappingHandlerMapping:217 - Mapped "{[/profile],methods=[GET]}" onto public org.springframework.web.servlet.ModelAndView com.bankapp.controllers.MainController.profile(java.security.Principal)
2015-10-29 17:25:38 INFO  RequestMappingHandlerMapping:217 - Mapped "{[/customer/initiatetransaction || /merchant/initiatetransaction],methods=[GET]}" onto public org.springframework.web.servlet.ModelAndView com.bankapp.controllers.CommonController.initiateTransaction(javax.servlet.http.HttpServletRequest)
2015-10-29 17:25:38 INFO  RequestMappingHandlerMapping:217 - Mapped "{[/customer/initiatetransaction || /merchant/initiatetransaction],methods=[POST]}" onto public java.lang.String com.bankapp.controllers.CommonController.initiateTransaction(org.springframework.security.core.userdetails.UserDetails,org.springframework.ui.ModelMap,com.bankapp.forms.InitiateTransactionForm,org.springframework.validation.BindingResult,javax.servlet.http.HttpServletRequest,org.springframework.web.servlet.mvc.support.RedirectAttributes)
2015-10-29 17:25:38 INFO  RequestMappingHandlerMapping:217 - Mapped "{[/customer/creditdebit || /merchant/creditdebit],methods=[GET]}" onto public org.springframework.web.servlet.ModelAndView com.bankapp.controllers.CommonController.creditDebit(javax.servlet.http.HttpServletRequest)
2015-10-29 17:25:38 INFO  RequestMappingHandlerMapping:217 - Mapped "{[/customer/creditdebit || /merchant/creditdebit],methods=[POST]}" onto public java.lang.String com.bankapp.controllers.CommonController.creditDebit(org.springframework.security.core.userdetails.UserDetails,org.springframework.ui.ModelMap,com.bankapp.forms.CreditDebitForm,org.springframework.validation.BindingResult,javax.servlet.http.HttpServletRequest,org.springframework.web.servlet.mvc.support.RedirectAttributes)
2015-10-29 17:25:38 INFO  RequestMappingHandlerMapping:217 - Mapped "{[/customer/transferfunds || /merchant/transferfunds],methods=[POST]}" onto public java.lang.String com.bankapp.controllers.CommonController.saveTransaction(org.springframework.security.core.userdetails.UserDetails,org.springframework.ui.ModelMap,com.bankapp.forms.TransferFundsForm,org.springframework.validation.BindingResult,javax.servlet.http.HttpServletRequest,org.springframework.web.servlet.mvc.support.RedirectAttributes)
2015-10-29 17:25:38 INFO  RequestMappingHandlerMapping:217 - Mapped "{[/customer/myaccount || /merchant/myaccount],methods=[GET]}" onto public org.springframework.web.servlet.ModelAndView com.bankapp.controllers.CommonController.getTransactions(java.security.Principal,javax.servlet.http.HttpServletRequest)
2015-10-29 17:25:38 INFO  RequestMappingHandlerMapping:217 - Mapped "{[/customer/transferfunds || /merchant/transferfunds],methods=[GET]}" onto public org.springframework.web.servlet.ModelAndView com.bankapp.controllers.CommonController.transferFunds(javax.servlet.http.HttpServletRequest)
2015-10-29 17:25:38 INFO  RequestMappingHandlerMapping:217 - Mapped "{[/getstatement],methods=[GET]}" onto public org.springframework.web.servlet.ModelAndView com.bankapp.controllers.CommonController.getStatement(java.security.Principal,javax.servlet.http.HttpServletRequest)
2015-10-29 17:25:38 INFO  RequestMappingHandlerMapping:217 - Mapped "{[/error],produces=[text/html]}" onto public org.springframework.web.servlet.ModelAndView org.springframework.boot.autoconfigure.web.BasicErrorController.errorHtml(javax.servlet.http.HttpServletRequest)
2015-10-29 17:25:38 INFO  RequestMappingHandlerMapping:217 - Mapped "{[/error]}" onto public org.springframework.http.ResponseEntity<java.util.Map<java.lang.String, java.lang.Object>> org.springframework.boot.autoconfigure.web.BasicErrorController.error(javax.servlet.http.HttpServletRequest)
2015-10-29 17:25:38 INFO  SimpleUrlHandlerMapping:314 - Mapped URL path [/login] onto handler of type [class org.springframework.web.servlet.mvc.ParameterizableViewController]
2015-10-29 17:25:38 INFO  SimpleUrlHandlerMapping:314 - Mapped URL path [/webjars/**] onto handler of type [class org.springframework.web.servlet.resource.ResourceHttpRequestHandler]
2015-10-29 17:25:38 INFO  SimpleUrlHandlerMapping:314 - Mapped URL path [/**] onto handler of type [class org.springframework.web.servlet.resource.ResourceHttpRequestHandler]
2015-10-29 17:25:38 INFO  RequestMappingHandlerAdapter:517 - Looking for @ControllerAdvice: org.springframework.boot.context.embedded.AnnotationConfigEmbeddedWebApplicationContext@2f8f5f62: startup date [Thu Oct 29 17:25:25 PDT 2015]; root of context hierarchy
2015-10-29 17:25:39 INFO  ExceptionHandlerExceptionResolver:267 - Detected @ExceptionHandler methods in globalExceptionHandlerConfig
2015-10-29 17:25:39 INFO  SimpleUrlHandlerMapping:314 - Mapped URL path [/**/favicon.ico] onto handler of type [class org.springframework.web.servlet.resource.ResourceHttpRequestHandler]
2015-10-29 17:25:39 INFO  AnnotationMBeanExporter:431 - Registering beans for JMX exposure on startup
2015-10-29 17:25:41 INFO  Http11NioProtocol:180 - Initializing ProtocolHandler ["http-nio-8443"]
2015-10-29 17:25:41 INFO  Http11NioProtocol:180 - Starting ProtocolHandler ["http-nio-8443"]
2015-10-29 17:25:42 INFO  NioSelectorPool:180 - Using a shared selector for servlet write/read
2015-10-29 17:25:42 INFO  Http11NioProtocol:180 - Initializing ProtocolHandler ["http-nio-8081"]
2015-10-29 17:25:42 INFO  NioSelectorPool:180 - Using a shared selector for servlet write/read
2015-10-29 17:25:42 INFO  Http11NioProtocol:180 - Starting ProtocolHandler ["http-nio-8081"]
2015-10-29 17:25:42 INFO  TomcatEmbeddedServletContainer:159 - Tomcat started on port(s): 8443 (https) 8081 (http)
2015-10-29 17:25:42 INFO  MyAsuBankApplication:56 - Started MyAsuBankApplication in 17.209 seconds (JVM running for 18.085)
2015-10-29 17:25:47 INFO  [/]:180 - Initializing Spring FrameworkServlet 'dispatcherServlet'
2015-10-29 17:25:47 INFO  DispatcherServlet:485 - FrameworkServlet 'dispatcherServlet': initialization started
2015-10-29 17:25:47 INFO  DispatcherServlet:504 - FrameworkServlet 'dispatcherServlet': initialization completed in 33 ms
2015-10-29 17:26:20 INFO  SignupController:132 - Registering user account with information: {User object [id=null, username=asd, email=aby.vignan@outlook.com, address=A-300, phone number=1231231231, date of birth=Thu Oct 19 00:00:00 PDT 1989, gender=Male, securityQuestion=Mother&amp; #39;s maiden name?, securityAnswer=shobha jha], Role [name=ROLE_CUSTOMER][id=null]}
2015-10-29 17:26:21 INFO  UserService:95 - [Action=registerNewUserAccount][User=null, Role=ROLE_CUSTOMER]
2015-10-29 17:26:21 INFO  MailService:35 - [Action=sendEmail][Recipient=aby.vignan@outlook.com, Subject=My ASU Bank - Registration Confirmation]
2015-10-29 17:27:46 INFO  SignupController:132 - Registering user account with information: {User object [id=null, username=asdqwe, email=rvjain@asu.edu, address=A-300, phone number=1231231231, date of birth=Thu Oct 19 00:00:00 PDT 1989, gender=Male, securityQuestion=Mother&amp; #39;s maiden name?, securityAnswer=shobha jha], Role [name=ROLE_CUSTOMER][id=null]}
2015-10-29 17:27:47 INFO  UserService:95 - [Action=registerNewUserAccount][User=null, Role=ROLE_CUSTOMER]
2015-10-29 17:27:47 INFO  MailService:35 - [Action=sendEmail][Recipient=rvjain@asu.edu, Subject=My ASU Bank - Registration Confirmation]
